{"level":"info","message":"Server running in development mode on port 5000","service":"movie-reservation-api","timestamp":"2025-03-30 10:45:58"}
{"level":"info","message":"Health check available at http://localhost:5000/health","service":"movie-reservation-api","timestamp":"2025-03-30 10:45:58"}
{"level":"info","message":"Server running in development mode on port 5000","service":"movie-reservation-api","timestamp":"2025-03-30 10:46:43"}
{"level":"info","message":"Health check available at http://localhost:5000/health","service":"movie-reservation-api","timestamp":"2025-03-30 10:46:43"}
{"level":"info","message":"GET /","service":"movie-reservation-api","timestamp":"2025-03-30 10:47:06"}
{"level":"warn","message":"Route not found: /","service":"movie-reservation-api","timestamp":"2025-03-30 10:47:06"}
{"level":"info","message":"GET /favicon.ico","service":"movie-reservation-api","timestamp":"2025-03-30 10:47:07"}
{"level":"warn","message":"Route not found: /favicon.ico","service":"movie-reservation-api","timestamp":"2025-03-30 10:47:07"}
{"level":"info","message":"GET /","service":"movie-reservation-api","timestamp":"2025-03-30 10:47:12"}
{"level":"warn","message":"Route not found: /","service":"movie-reservation-api","timestamp":"2025-03-30 10:47:12"}
{"level":"info","message":"Server running in development mode on port 5000","service":"movie-reservation-api","timestamp":"2025-03-30 10:49:22"}
{"level":"info","message":"Health check available at http://localhost:5000/health","service":"movie-reservation-api","timestamp":"2025-03-30 10:49:23"}
{"level":"info","message":"GET /","service":"movie-reservation-api","timestamp":"2025-03-30 10:49:34"}
{"level":"warn","message":"Route not found: /","service":"movie-reservation-api","timestamp":"2025-03-30 10:49:34"}
{"level":"info","message":"Server running in development mode on port 5000","service":"movie-reservation-api","timestamp":"2025-03-30 15:44:47"}
{"level":"info","message":"Health check available at http://localhost:5000/health","service":"movie-reservation-api","timestamp":"2025-03-30 15:44:47"}
{"level":"info","message":"GET /api/movie","service":"movie-reservation-api","timestamp":"2025-03-30 15:44:52"}
{"level":"warn","message":"Route not found: /api/movie","service":"movie-reservation-api","timestamp":"2025-03-30 15:44:52"}
{"level":"info","message":"GET /api/movie","service":"movie-reservation-api","timestamp":"2025-03-30 15:44:52"}
{"level":"warn","message":"Route not found: /api/movie","service":"movie-reservation-api","timestamp":"2025-03-30 15:44:52"}
{"level":"info","message":"GET /api/movie","service":"movie-reservation-api","timestamp":"2025-03-30 15:44:56"}
{"level":"warn","message":"Route not found: /api/movie","service":"movie-reservation-api","timestamp":"2025-03-30 15:44:56"}
{"level":"info","message":"GET /api/movie","service":"movie-reservation-api","timestamp":"2025-03-30 15:44:56"}
{"level":"warn","message":"Route not found: /api/movie","service":"movie-reservation-api","timestamp":"2025-03-30 15:44:56"}
{"level":"info","message":"GET /api/movies","service":"movie-reservation-api","timestamp":"2025-03-30 15:45:23"}
{"level":"info","message":"GET /api/movies","service":"movie-reservation-api","timestamp":"2025-03-30 15:45:23"}
{"level":"info","message":"GET /api/movies","service":"movie-reservation-api","timestamp":"2025-03-30 15:45:28"}
{"level":"info","message":"GET /api/movies","service":"movie-reservation-api","timestamp":"2025-03-30 15:45:28"}
{"level":"info","message":"GET /api/movies/featured","service":"movie-reservation-api","timestamp":"2025-03-30 15:45:35"}
{"level":"info","message":"GET /api/movies/featured","service":"movie-reservation-api","timestamp":"2025-03-30 15:45:35"}
{"level":"info","message":"GET /api/movies","service":"movie-reservation-api","timestamp":"2025-03-30 15:45:37"}
{"level":"info","message":"GET /api/movies","service":"movie-reservation-api","timestamp":"2025-03-30 15:45:37"}
{"level":"info","message":"GET /api/movies/featured","service":"movie-reservation-api","timestamp":"2025-03-30 15:45:38"}
{"level":"info","message":"GET /api/movies/featured","service":"movie-reservation-api","timestamp":"2025-03-30 15:45:38"}
{"level":"info","message":"GET /api/movies/featured","service":"movie-reservation-api","timestamp":"2025-03-30 15:45:48"}
{"level":"info","message":"GET /api/movies/featured","service":"movie-reservation-api","timestamp":"2025-03-30 15:45:48"}
{"level":"info","message":"Server running in development mode on port 5000","service":"movie-reservation-api","timestamp":"2025-03-30 15:47:01"}
{"level":"info","message":"Health check available at http://localhost:5000/health","service":"movie-reservation-api","timestamp":"2025-03-30 15:47:01"}
{"level":"info","message":"Server running in development mode on port 5000","service":"movie-reservation-api","timestamp":"2025-03-30 15:47:10"}
{"level":"info","message":"Health check available at http://localhost:5000/health","service":"movie-reservation-api","timestamp":"2025-03-30 15:47:10"}
{"level":"info","message":"GET /api/movies/featured","service":"movie-reservation-api","timestamp":"2025-03-30 15:47:14"}
{"level":"info","message":"GET /api/movies/featured","service":"movie-reservation-api","timestamp":"2025-03-30 15:47:14"}
{"level":"info","message":"GET /api/movies/featured","service":"movie-reservation-api","timestamp":"2025-03-30 15:48:18"}
{"level":"info","message":"GET /api/movies/featured","service":"movie-reservation-api","timestamp":"2025-03-30 15:48:18"}
{"level":"info","message":"GET /api/movies/featured","service":"movie-reservation-api","timestamp":"2025-03-30 15:48:36"}
{"level":"info","message":"GET /api/movies/featured","service":"movie-reservation-api","timestamp":"2025-03-30 15:48:37"}
{"level":"info","message":"GET /api/movies","service":"movie-reservation-api","timestamp":"2025-03-30 15:48:38"}
{"level":"info","message":"GET /api/movies","service":"movie-reservation-api","timestamp":"2025-03-30 15:48:38"}
{"level":"info","message":"GET /api/movies","service":"movie-reservation-api","timestamp":"2025-03-30 15:48:42"}
{"level":"info","message":"GET /api/movies","service":"movie-reservation-api","timestamp":"2025-03-30 15:48:42"}
{"level":"info","message":"GET /api/theaters","service":"movie-reservation-api","timestamp":"2025-03-30 15:48:47"}
{"level":"info","message":"GET /api/theaters","service":"movie-reservation-api","timestamp":"2025-03-30 15:48:47"}
{"level":"info","message":"GET /api/theaters","service":"movie-reservation-api","timestamp":"2025-03-30 15:48:51"}
{"level":"info","message":"GET /api/theaters","service":"movie-reservation-api","timestamp":"2025-03-30 15:48:51"}
{"level":"info","message":"GET /api/movies/featured","service":"movie-reservation-api","timestamp":"2025-03-30 15:48:54"}
{"level":"info","message":"GET /api/movies/featured","service":"movie-reservation-api","timestamp":"2025-03-30 15:48:54"}
{"level":"info","message":"Server running in development mode on port 5000","service":"movie-reservation-api","timestamp":"2025-03-30 15:50:38"}
{"level":"info","message":"Health check available at http://localhost:5000/health","service":"movie-reservation-api","timestamp":"2025-03-30 15:50:38"}
{"level":"info","message":"GET /api/movies/featured","service":"movie-reservation-api","timestamp":"2025-03-30 15:50:38"}
{"level":"info","message":"GET /api/movies/featured","service":"movie-reservation-api","timestamp":"2025-03-30 15:50:39"}
{"level":"info","message":"POST /api/users/login","service":"movie-reservation-api","timestamp":"2025-03-30 15:51:10"}
{"level":"info","message":"POST /api/users/register","service":"movie-reservation-api","timestamp":"2025-03-30 15:51:40"}
{"level":"info","message":"GET /api/movies/featured","service":"movie-reservation-api","timestamp":"2025-03-30 15:51:40"}
{"level":"info","message":"GET /api/movies/featured","service":"movie-reservation-api","timestamp":"2025-03-30 15:51:40"}
{"level":"info","message":"GET /api/movies/featured","service":"movie-reservation-api","timestamp":"2025-03-30 15:51:48"}
{"level":"info","message":"GET /api/movies/featured","service":"movie-reservation-api","timestamp":"2025-03-30 15:51:48"}
{"level":"info","message":"POST /api/users/login","service":"movie-reservation-api","timestamp":"2025-03-30 15:51:53"}
{"level":"info","message":"GET /api/movies/featured","service":"movie-reservation-api","timestamp":"2025-03-30 15:51:54"}
{"level":"info","message":"GET /api/movies/featured","service":"movie-reservation-api","timestamp":"2025-03-30 15:51:54"}
{"level":"info","message":"Server running in development mode on port 5000","service":"movie-reservation-api","timestamp":"2025-03-30 15:56:01"}
{"level":"info","message":"Health check available at http://localhost:5000/health","service":"movie-reservation-api","timestamp":"2025-03-30 15:56:01"}
{"level":"info","message":"Server running in development mode on port 5000","service":"movie-reservation-api","timestamp":"2025-03-30 15:56:16"}
{"level":"info","message":"Health check available at http://localhost:5000/health","service":"movie-reservation-api","timestamp":"2025-03-30 15:56:16"}
{"level":"info","message":"Server running in development mode on port 5000","service":"movie-reservation-api","timestamp":"2025-03-30 15:58:52"}
{"level":"info","message":"Health check available at http://localhost:5000/health","service":"movie-reservation-api","timestamp":"2025-03-30 15:58:52"}
{"level":"info","message":"Server running in development mode on port 5000","service":"movie-reservation-api","timestamp":"2025-03-30 16:07:36"}
{"level":"info","message":"Health check available at http://localhost:5000/health","service":"movie-reservation-api","timestamp":"2025-03-30 16:07:36"}
{"level":"info","message":"Server running in development mode on port 5000","service":"movie-reservation-api","timestamp":"2025-03-30 16:08:31"}
{"level":"info","message":"Health check available at http://localhost:5000/health","service":"movie-reservation-api","timestamp":"2025-03-30 16:08:31"}
{"level":"info","message":"GET /api/movies/featured","service":"movie-reservation-api","timestamp":"2025-03-30 16:09:07"}
{"level":"info","message":"GET /api/movies/featured","service":"movie-reservation-api","timestamp":"2025-03-30 16:09:07"}
{"level":"info","message":"GET /api/movies","service":"movie-reservation-api","timestamp":"2025-03-30 16:09:10"}
{"level":"info","message":"GET /api/movies","service":"movie-reservation-api","timestamp":"2025-03-30 16:09:10"}
{"level":"info","message":"GET /api/theaters","service":"movie-reservation-api","timestamp":"2025-03-30 16:09:27"}
{"level":"info","message":"GET /api/theaters","service":"movie-reservation-api","timestamp":"2025-03-30 16:09:27"}
{"level":"info","message":"GET /api/movies/featured","service":"movie-reservation-api","timestamp":"2025-03-30 16:09:28"}
{"level":"info","message":"GET /api/movies/featured","service":"movie-reservation-api","timestamp":"2025-03-30 16:09:28"}
{"level":"info","message":"GET /api/movies/featured/","service":"movie-reservation-api","timestamp":"2025-03-30 16:10:31"}
{"level":"info","message":"GET /api/movies/featured/","service":"movie-reservation-api","timestamp":"2025-03-30 16:10:31"}
{"level":"info","message":"GET /api/movies/featured/","service":"movie-reservation-api","timestamp":"2025-03-30 16:10:41"}
{"level":"info","message":"GET /api/movies/featured/","service":"movie-reservation-api","timestamp":"2025-03-30 16:10:41"}
{"level":"info","message":"Server running in development mode on port 5000","service":"movie-reservation-api","timestamp":"2025-03-30 16:11:20"}
{"level":"info","message":"Health check available at http://localhost:5000/health","service":"movie-reservation-api","timestamp":"2025-03-30 16:11:20"}
{"level":"info","message":"Server running in development mode on port 5000","service":"movie-reservation-api","timestamp":"2025-03-30 16:11:36"}
{"level":"info","message":"Health check available at http://localhost:5000/health","service":"movie-reservation-api","timestamp":"2025-03-30 16:11:36"}
{"level":"info","message":"Server running in development mode on port 5000","service":"movie-reservation-api","timestamp":"2025-03-30 16:11:45"}
{"level":"info","message":"Health check available at http://localhost:5000/health","service":"movie-reservation-api","timestamp":"2025-03-30 16:11:45"}
{"level":"info","message":"Server running in development mode on port 5000","service":"movie-reservation-api","timestamp":"2025-03-30 16:12:14"}
{"level":"info","message":"Health check available at http://localhost:5000/health","service":"movie-reservation-api","timestamp":"2025-03-30 16:12:14"}
{"level":"info","message":"GET /api/movies/featured/","service":"movie-reservation-api","timestamp":"2025-03-30 16:12:14"}
{"level":"info","message":"GET /api/movies/featured/","service":"movie-reservation-api","timestamp":"2025-03-30 16:12:15"}
{"level":"info","message":"GET /api/movies/featured/","service":"movie-reservation-api","timestamp":"2025-03-30 16:12:16"}
{"level":"info","message":"GET /api/movies/featured/","service":"movie-reservation-api","timestamp":"2025-03-30 16:12:16"}
{"level":"info","message":"Server running in development mode on port 5000","service":"movie-reservation-api","timestamp":"2025-03-30 16:12:38"}
{"level":"info","message":"Health check available at http://localhost:5000/health","service":"movie-reservation-api","timestamp":"2025-03-30 16:12:38"}
{"level":"info","message":"GET /api/movies/featured/","service":"movie-reservation-api","timestamp":"2025-03-30 16:12:51"}
{"level":"info","message":"GET /api/movies/featured/","service":"movie-reservation-api","timestamp":"2025-03-30 16:12:52"}
{"level":"info","message":"GET /api/movies/featured","service":"movie-reservation-api","timestamp":"2025-03-30 16:13:05"}
{"level":"info","message":"GET /api/movies/featured","service":"movie-reservation-api","timestamp":"2025-03-30 16:13:05"}
{"level":"info","message":"GET /api/movies/featured","service":"movie-reservation-api","timestamp":"2025-03-30 16:13:20"}
{"level":"info","message":"GET /api/movies/featured","service":"movie-reservation-api","timestamp":"2025-03-30 16:13:20"}
{"level":"info","message":"Server running in development mode on port 5000","service":"movie-reservation-api","timestamp":"2025-03-30 16:14:45"}
{"level":"info","message":"Health check available at http://localhost:5000/health","service":"movie-reservation-api","timestamp":"2025-03-30 16:14:45"}
{"level":"info","message":"GET /api/movies/featured","service":"movie-reservation-api","timestamp":"2025-03-30 16:14:49"}
{"level":"info","message":"GET /api/movies/featured","service":"movie-reservation-api","timestamp":"2025-03-30 16:14:49"}
{"level":"info","message":"Server running in development mode on port 5000","service":"movie-reservation-api","timestamp":"2025-03-30 16:15:44"}
{"level":"info","message":"Health check available at http://localhost:5000/health","service":"movie-reservation-api","timestamp":"2025-03-30 16:15:44"}
{"level":"info","message":"GET /api/movies/featured","service":"movie-reservation-api","timestamp":"2025-03-30 16:15:54"}
{"level":"info","message":"GET /api/movies/featured","service":"movie-reservation-api","timestamp":"2025-03-30 16:15:55"}
{"level":"info","message":"Server running in development mode on port 5000","service":"movie-reservation-api","timestamp":"2025-03-30 16:16:25"}
{"level":"info","message":"Health check available at http://localhost:5000/health","service":"movie-reservation-api","timestamp":"2025-03-30 16:16:25"}
{"level":"info","message":"Server running in development mode on port 5000","service":"movie-reservation-api","timestamp":"2025-03-30 16:16:28"}
{"level":"info","message":"Health check available at http://localhost:5000/health","service":"movie-reservation-api","timestamp":"2025-03-30 16:16:28"}
{"level":"info","message":"GET /api/movies/featured","service":"movie-reservation-api","timestamp":"2025-03-30 16:16:29"}
{"level":"info","message":"GET /api/movies/featured","service":"movie-reservation-api","timestamp":"2025-03-30 16:16:29"}
{"level":"info","message":"GET /api/movies/featured","service":"movie-reservation-api","timestamp":"2025-03-30 16:23:44"}
{"level":"info","message":"GET /api/movies/featured","service":"movie-reservation-api","timestamp":"2025-03-30 16:23:45"}
{"level":"info","message":"GET /api/movies/featured","service":"movie-reservation-api","timestamp":"2025-03-30 16:24:24"}
{"level":"info","message":"GET /api/movies/featured","service":"movie-reservation-api","timestamp":"2025-03-30 16:24:24"}
{"level":"info","message":"Server running in development mode on port 5000","service":"movie-reservation-api","timestamp":"2025-03-30 16:24:39"}
{"level":"info","message":"Health check available at http://localhost:5000/health","service":"movie-reservation-api","timestamp":"2025-03-30 16:24:39"}
